Warning[205] C:\USERS\AKINN\DESKTOP\AKIN\332.ASM 1 : Found directive in column 1. (LIST)
Warning[205] C:\USERS\AKINN\DESKTOP\AKIN\332.ASM 2 : Found directive in column 1. (INCLUDE)
Warning[205] C:\USERS\AKINN\DESKTOP\AKIN\332.ASM 4 : Found directive in column 1. (__CONFIG)
Warning[203] C:\USERS\AKINN\DESKTOP\AKIN\332.ASM 9 : Found opcode in column 1. (BSF)
Warning[203] C:\USERS\AKINN\DESKTOP\AKIN\332.ASM 10 : Found opcode in column 1. (CLRF)
Message[302] C:\USERS\AKINN\DESKTOP\AKIN\332.ASM 10 : Register in operand not in bank 0.  Ensure that bank bits are correct.
Warning[203] C:\USERS\AKINN\DESKTOP\AKIN\332.ASM 11 : Found opcode in column 1. (BCF)
Warning[203] C:\USERS\AKINN\DESKTOP\AKIN\332.ASM 12 : Found opcode in column 1. (CLRF)
Warning[203] C:\USERS\AKINN\DESKTOP\AKIN\332.ASM 16 : Found opcode in column 1. (MOVLW)
Warning[203] C:\USERS\AKINN\DESKTOP\AKIN\332.ASM 17 : Found opcode in column 1. (MOVWF)
Warning[203] C:\USERS\AKINN\DESKTOP\AKIN\332.ASM 19 : Found opcode in column 1. (CALL)
Warning[203] C:\USERS\AKINN\DESKTOP\AKIN\332.ASM 20 : Found opcode in column 1. (CALL)
Warning[203] C:\USERS\AKINN\DESKTOP\AKIN\332.ASM 22 : Found opcode in column 1. (MOVLW)
Warning[203] C:\USERS\AKINN\DESKTOP\AKIN\332.ASM 23 : Found opcode in column 1. (MOVWF)
Warning[203] C:\USERS\AKINN\DESKTOP\AKIN\332.ASM 25 : Found opcode in column 1. (CALL)
Warning[203] C:\USERS\AKINN\DESKTOP\AKIN\332.ASM 26 : Found opcode in column 1. (CALL)
Warning[203] C:\USERS\AKINN\DESKTOP\AKIN\332.ASM 28 : Found opcode in column 1. (MOVLW)
Warning[203] C:\USERS\AKINN\DESKTOP\AKIN\332.ASM 29 : Found opcode in column 1. (MOVWF)
Warning[203] C:\USERS\AKINN\DESKTOP\AKIN\332.ASM 31 : Found opcode in column 1. (CALL)
Warning[203] C:\USERS\AKINN\DESKTOP\AKIN\332.ASM 32 : Found opcode in column 1. (CALL)
Warning[203] C:\USERS\AKINN\DESKTOP\AKIN\332.ASM 34 : Found opcode in column 1. (MOVLW)
Warning[203] C:\USERS\AKINN\DESKTOP\AKIN\332.ASM 35 : Found opcode in column 1. (MOVWF)
Warning[203] C:\USERS\AKINN\DESKTOP\AKIN\332.ASM 37 : Found opcode in column 1. (CALL)
Warning[203] C:\USERS\AKINN\DESKTOP\AKIN\332.ASM 38 : Found opcode in column 1. (CALL)
Warning[203] C:\USERS\AKINN\DESKTOP\AKIN\332.ASM 40 : Found opcode in column 1. (MOVLW)
Warning[203] C:\USERS\AKINN\DESKTOP\AKIN\332.ASM 41 : Found opcode in column 1. (MOVWF)
Warning[203] C:\USERS\AKINN\DESKTOP\AKIN\332.ASM 43 : Found opcode in column 1. (CALL)
Warning[203] C:\USERS\AKINN\DESKTOP\AKIN\332.ASM 44 : Found opcode in column 1. (CALL)
Warning[203] C:\USERS\AKINN\DESKTOP\AKIN\332.ASM 46 : Found opcode in column 1. (MOVLW)
Warning[203] C:\USERS\AKINN\DESKTOP\AKIN\332.ASM 47 : Found opcode in column 1. (MOVWF)
Warning[203] C:\USERS\AKINN\DESKTOP\AKIN\332.ASM 49 : Found opcode in column 1. (CALL)
Warning[203] C:\USERS\AKINN\DESKTOP\AKIN\332.ASM 50 : Found opcode in column 1. (CALL)
Warning[203] C:\USERS\AKINN\DESKTOP\AKIN\332.ASM 52 : Found opcode in column 1. (MOVLW)
Warning[203] C:\USERS\AKINN\DESKTOP\AKIN\332.ASM 53 : Found opcode in column 1. (MOVWF)
Warning[203] C:\USERS\AKINN\DESKTOP\AKIN\332.ASM 55 : Found opcode in column 1. (CALL)
Warning[203] C:\USERS\AKINN\DESKTOP\AKIN\332.ASM 56 : Found opcode in column 1. (CALL)
Warning[203] C:\USERS\AKINN\DESKTOP\AKIN\332.ASM 58 : Found opcode in column 1. (MOVLW)
Warning[203] C:\USERS\AKINN\DESKTOP\AKIN\332.ASM 59 : Found opcode in column 1. (MOVWF)
Warning[203] C:\USERS\AKINN\DESKTOP\AKIN\332.ASM 61 : Found opcode in column 1. (CALL)
Warning[203] C:\USERS\AKINN\DESKTOP\AKIN\332.ASM 62 : Found opcode in column 1. (CALL)
Warning[203] C:\USERS\AKINN\DESKTOP\AKIN\332.ASM 64 : Found opcode in column 1. (MOVLW)
Warning[203] C:\USERS\AKINN\DESKTOP\AKIN\332.ASM 65 : Found opcode in column 1. (MOVWF)
Warning[203] C:\USERS\AKINN\DESKTOP\AKIN\332.ASM 67 : Found opcode in column 1. (CALL)
Warning[203] C:\USERS\AKINN\DESKTOP\AKIN\332.ASM 68 : Found opcode in column 1. (CALL)
Warning[203] C:\USERS\AKINN\DESKTOP\AKIN\332.ASM 70 : Found opcode in column 1. (MOVLW)
Warning[203] C:\USERS\AKINN\DESKTOP\AKIN\332.ASM 71 : Found opcode in column 1. (MOVWF)
Warning[203] C:\USERS\AKINN\DESKTOP\AKIN\332.ASM 73 : Found opcode in column 1. (CALL)
Warning[203] C:\USERS\AKINN\DESKTOP\AKIN\332.ASM 74 : Found opcode in column 1. (CALL)
Warning[203] C:\USERS\AKINN\DESKTOP\AKIN\332.ASM 76 : Found opcode in column 1. (MOVLW)
Warning[203] C:\USERS\AKINN\DESKTOP\AKIN\332.ASM 77 : Found opcode in column 1. (MOVWF)
Warning[203] C:\USERS\AKINN\DESKTOP\AKIN\332.ASM 79 : Found opcode in column 1. (CALL)
Warning[203] C:\USERS\AKINN\DESKTOP\AKIN\332.ASM 80 : Found opcode in column 1. (CALL)
Warning[203] C:\USERS\AKINN\DESKTOP\AKIN\332.ASM 82 : Found opcode in column 1. (MOVLW)
Warning[203] C:\USERS\AKINN\DESKTOP\AKIN\332.ASM 83 : Found opcode in column 1. (MOVWF)
Warning[203] C:\USERS\AKINN\DESKTOP\AKIN\332.ASM 85 : Found opcode in column 1. (CALL)
Warning[203] C:\USERS\AKINN\DESKTOP\AKIN\332.ASM 86 : Found opcode in column 1. (CALL)
Warning[203] C:\USERS\AKINN\DESKTOP\AKIN\332.ASM 88 : Found opcode in column 1. (MOVLW)
Warning[203] C:\USERS\AKINN\DESKTOP\AKIN\332.ASM 89 : Found opcode in column 1. (MOVWF)
Warning[203] C:\USERS\AKINN\DESKTOP\AKIN\332.ASM 91 : Found opcode in column 1. (CALL)
Warning[203] C:\USERS\AKINN\DESKTOP\AKIN\332.ASM 92 : Found opcode in column 1. (CALL)
Warning[203] C:\USERS\AKINN\DESKTOP\AKIN\332.ASM 94 : Found opcode in column 1. (MOVLW)
Warning[203] C:\USERS\AKINN\DESKTOP\AKIN\332.ASM 95 : Found opcode in column 1. (MOVWF)
Warning[203] C:\USERS\AKINN\DESKTOP\AKIN\332.ASM 97 : Found opcode in column 1. (CALL)
Warning[203] C:\USERS\AKINN\DESKTOP\AKIN\332.ASM 98 : Found opcode in column 1. (CALL)
Warning[203] C:\USERS\AKINN\DESKTOP\AKIN\332.ASM 100 : Found opcode in column 1. (MOVLW)
Warning[203] C:\USERS\AKINN\DESKTOP\AKIN\332.ASM 101 : Found opcode in column 1. (MOVWF)
Warning[203] C:\USERS\AKINN\DESKTOP\AKIN\332.ASM 103 : Found opcode in column 1. (CALL)
Warning[203] C:\USERS\AKINN\DESKTOP\AKIN\332.ASM 104 : Found opcode in column 1. (CALL)
Warning[203] C:\USERS\AKINN\DESKTOP\AKIN\332.ASM 106 : Found opcode in column 1. (GOTO)
Warning[203] C:\USERS\AKINN\DESKTOP\AKIN\332.ASM 110 : Found opcode in column 1. (MOVLW)
Warning[203] C:\USERS\AKINN\DESKTOP\AKIN\332.ASM 111 : Found opcode in column 1. (MOVWF)
Warning[207] C:\USERS\AKINN\DESKTOP\AKIN\332.ASM 115 : Found label after column 1. (D1)
Warning[203] C:\USERS\AKINN\DESKTOP\AKIN\332.ASM 118 : Found opcode in column 1. (DECFSZ)
Warning[203] C:\USERS\AKINN\DESKTOP\AKIN\332.ASM 119 : Found opcode in column 1. (GOTO)
Warning[203] C:\USERS\AKINN\DESKTOP\AKIN\332.ASM 120 : Found opcode in column 1. (RETURN)
Warning[205] C:\USERS\AKINN\DESKTOP\AKIN\332.ASM 122 : Found directive in column 1. (END)
