CC8E Version 1.4,   File: l.c                 15. Dec 2014  10:45   Page 1

ADDR   CODE       LINE  SOURCE

                  00001 
                  00002 ; CC8E Version 1.4, Copyright (c) B Knudsen Data
                  00003 ; C compiler for the PIC18 microcontrollers
                  00004 ; ************  15. Dec 2014  10:45  *************
                  00005 
                  00006 	processor  PIC18F452
                  00007 	radix  DEC
                  00008 
       0FF6       00009 TBLPTR      EQU   0xFF6
       0FF5       00010 TABLAT      EQU   0xFF5
       0002       00011 Zero_       EQU   2
       0F96       00012 TRISE       EQU   0xF96
       0F95       00013 TRISD       EQU   0xF95
       0000       00014 e           EQU   0
       0001       00015 rs          EQU   1
       0002       00016 rw          EQU   2
       0F83       00017 disp        EQU   0xF83
       0006       00018 t           EQU   0x06
       0008       00019 n           EQU   0x08
       0005       00020 kom         EQU   0x05
       0005       00021 c           EQU   0x05
       0000       00022 msj         EQU   0x00
       0001       00023 adr         EQU   0x01
       0002       00024 i           EQU   0x02
       0003       00025 j           EQU   0x03
       0004       00026 k           EQU   0x04
       0005       00027 ci          EQU   0x05
                  00028 
000000 EF02 F000  00029 	GOTO main
                  00030 
                  00031   ; FILE l.c
                  00032 			;void init();
                  00033 			;void bekle(unsigned long t);
                  00034 			;void LcdInit();
                  00035 			;void LcdYaz(char );
                  00036 			;void LcdKomut(unsigned kom);
                  00037 			;void MesajYaz(const char *msj,unsigned adr);
                  00038 			;
                  00039 			;bit e @ PORTE.0, rs @ PORTE.1, rw @ PORTE.2;
                  00040 			;unsigned disp @ PORTD;
                  00041 			;
                  00042 			;void main(){
                  00043 main
                  00044 			;	init();
000004 D813       00045 	RCALL init
                  00046 			;	LcdInit();
000006 D83F       00047 	RCALL LcdInit
                  00048 			;anadongu:
                  00049 			;	MesajYaz("ONiR AKiN",0x80);
000008 6A00       00050 m001	CLRF  msj,0
00000A 0E80       00051 	MOVLW 128
00000C D847       00052 	RCALL MesajYaz
                  00053 			;	bekle(1500);
00000E 0EDC       00054 	MOVLW 220
000010 6E06       00055 	MOVWF t,0
000012 0E05       00056 	MOVLW 5
000014 6E07       00057 	MOVWF t+1,0
000016 D80D       00058 	RCALL bekle
                  00059 			;	MesajYaz("LCD uygulama    ",0x80);
000018 0E0A       00060 	MOVLW 10
CC8E Version 1.4,   File: l.c                 15. Dec 2014  10:45   Page 2

ADDR   CODE       LINE  SOURCE

00001A 6E00       00061 	MOVWF msj,0
00001C 0E80       00062 	MOVLW 128
00001E D83E       00063 	RCALL MesajYaz
                  00064 			;	bekle(1500);
000020 0EDC       00065 	MOVLW 220
000022 6E06       00066 	MOVWF t,0
000024 0E05       00067 	MOVLW 5
000026 6E07       00068 	MOVWF t+1,0
000028 D804       00069 	RCALL bekle
                  00070 			;	
                  00071 			;goto anadongu;
00002A D7EE       00072 	BRA   m001
                  00073 			;}
                  00074 			;	
                  00075 			;
                  00076 			;void init()
                  00077 			;{
                  00078 init
                  00079 			;	TRISD=0X00;
00002C 6A95       00080 	CLRF  TRISD,0
                  00081 			;	TRISE=0X00;
00002E 6A96       00082 	CLRF  TRISE,0
                  00083 			;}
000030 0012       00084 	RETURN
                  00085 			;
                  00086 			;
                  00087 			;void bekle(unsigned long t)	//t milisaniye gecikme saðlar
                  00088 			;{
                  00089 bekle
                  00090 			;	unsigned n;
                  00091 			;	for(;t>0;t--)
000032 5006       00092 m002	MOVF  t,W,0
000034 1007       00093 	IORWF t+1,W,0
000036 B4D8       00094 	BTFSC 0xFD8,Zero_,0
000038 D00C       00095 	BRA   m005
                  00096 			;		for(n=140;n>0;n--)
00003A 0E8C       00097 	MOVLW 140
00003C 6E08       00098 	MOVWF n,0
00003E 5208       00099 m003	MOVF  n,1,0
000040 B4D8       00100 	BTFSC 0xFD8,Zero_,0
000042 D003       00101 	BRA   m004
                  00102 			;			nop();
000044 0000       00103 	NOP  
000046 0608       00104 	DECF  n,1,0
000048 D7FA       00105 	BRA   m003
00004A 0606       00106 m004	DECF  t,1,0
00004C 0E00       00107 	MOVLW 0
00004E 5A07       00108 	SUBWFB t+1,1,0
000050 D7F0       00109 	BRA   m002
                  00110 			;}
000052 0012       00111 m005	RETURN
                  00112 			;
                  00113 			;void LcdKomut(unsigned kom)
                  00114 			;{
                  00115 LcdKomut
000054 6E05       00116 	MOVWF kom,0
                  00117 			;	
                  00118 			;	bekle(20);
000056 0E14       00119 	MOVLW 20
000058 6E06       00120 	MOVWF t,0
CC8E Version 1.4,   File: l.c                 15. Dec 2014  10:45   Page 3

ADDR   CODE       LINE  SOURCE

00005A 6A07       00121 	CLRF  t+1,0
00005C DFEA       00122 	RCALL bekle
                  00123 			;	disp=kom;
00005E C005 FF83  00124 	MOVFF kom,disp
                  00125 			;	rs=0;
000062 9284       00126 	BCF   0xF84,rs,0
                  00127 			;	e=0;
000064 9084       00128 	BCF   0xF84,e,0
                  00129 			;	e=1;
000066 8084       00130 	BSF   0xF84,e,0
                  00131 			;}
000068 0012       00132 	RETURN
                  00133 			;
                  00134 			;void LcdYaz(char c)
                  00135 			;{
                  00136 LcdYaz
00006A 6E05       00137 	MOVWF c,0
                  00138 			;	bekle(100);
00006C 0E64       00139 	MOVLW 100
00006E 6E06       00140 	MOVWF t,0
000070 6A07       00141 	CLRF  t+1,0
000072 DFDF       00142 	RCALL bekle
                  00143 			;	disp=c;
000074 C005 FF83  00144 	MOVFF c,disp
                  00145 			;	rs=1;
000078 8284       00146 	BSF   0xF84,rs,0
                  00147 			;	e=0;
00007A 9084       00148 	BCF   0xF84,e,0
                  00149 			;	e=1;
00007C 8084       00150 	BSF   0xF84,e,0
                  00151 			;	bekle(1);	
00007E 0E01       00152 	MOVLW 1
000080 6E06       00153 	MOVWF t,0
000082 6A07       00154 	CLRF  t+1,0
000084 D7D6       00155 	BRA   bekle
                  00156 			;}
                  00157 			;
                  00158 			;
                  00159 			;void LcdInit()
                  00160 			;{
                  00161 LcdInit
                  00162 			;	rw=0;
000086 9484       00163 	BCF   0xF84,rw,0
                  00164 			;	e=1;
000088 8084       00165 	BSF   0xF84,e,0
                  00166 			;	rs=1;
00008A 8284       00167 	BSF   0xF84,rs,0
                  00168 			;	LcdKomut(0x38);	
00008C 0E38       00169 	MOVLW 56
00008E DFE2       00170 	RCALL LcdKomut
                  00171 			;	LcdKomut(0x01);	//Cleardisplay
000090 0E01       00172 	MOVLW 1
000092 DFE0       00173 	RCALL LcdKomut
                  00174 			;	LcdKomut(0x0D); //Display,Cursor,Blink on
000094 0E0D       00175 	MOVLW 13
000096 DFDE       00176 	RCALL LcdKomut
                  00177 			;	LcdKomut(0x06); //Incrementddram adres, do not shiftdisp.
000098 0E06       00178 	MOVLW 6
00009A D7DC       00179 	BRA   LcdKomut
                  00180 			;}
CC8E Version 1.4,   File: l.c                 15. Dec 2014  10:45   Page 4

ADDR   CODE       LINE  SOURCE

                  00181 			;
                  00182 			;void MesajYaz(const char *msj,unsigned adr)
                  00183 			;{
                  00184 MesajYaz
00009C 6E01       00185 	MOVWF adr,0
                  00186 			;	unsigned i,j,k;
                  00187 			;	i=0;
00009E 6A02       00188 	CLRF  i,0
                  00189 			;	while(msj[i]!=0)	i++;
0000A0 5002       00190 m006	MOVF  i,W,0
0000A2 2400       00191 	ADDWF msj,W,0
0000A4 D819       00192 	RCALL _const1
0000A6 0A00       00193 	XORLW 0
0000A8 B4D8       00194 	BTFSC 0xFD8,Zero_,0
0000AA D002       00195 	BRA   m007
0000AC 2A02       00196 	INCF  i,1,0
0000AE D7F8       00197 	BRA   m006
                  00198 			;	
                  00199 			;	LcdKomut(adr);
0000B0 5001       00200 m007	MOVF  adr,W,0
0000B2 DFD0       00201 	RCALL LcdKomut
                  00202 			;	for(j=0;j<i;j++){
0000B4 6A03       00203 	CLRF  j,0
0000B6 5002       00204 m008	MOVF  i,W,0
0000B8 6003       00205 	CPFSLT j,0
0000BA D00D       00206 	BRA   m011
                  00207 			;		LcdYaz(msj[j]);
0000BC 5003       00208 	MOVF  j,W,0
0000BE 2400       00209 	ADDWF msj,W,0
0000C0 D80B       00210 	RCALL _const1
0000C2 DFD3       00211 	RCALL LcdYaz
                  00212 			;		for(k=0;k<30;k++)nop();
0000C4 6A04       00213 	CLRF  k,0
0000C6 0E1E       00214 m009	MOVLW 30
0000C8 6004       00215 	CPFSLT k,0
0000CA D003       00216 	BRA   m010
0000CC 0000       00217 	NOP  
0000CE 2A04       00218 	INCF  k,1,0
0000D0 D7FA       00219 	BRA   m009
                  00220 			;	}
0000D2 2A03       00221 m010	INCF  j,1,0
0000D4 D7F0       00222 	BRA   m008
                  00223 			;}
0000D6 0012       00224 m011	RETURN
                  00225 _const1
0000D8 6E05       00226 	MOVWF ci,0
0000DA 5005       00227 	MOVF  ci,W,0
0000DC 0FEE       00228 	ADDLW 238
0000DE 6EF6       00229 	MOVWF TBLPTR,0
0000E0 0E00       00230 	MOVLW 0
0000E2 6AF7       00231 	CLRF  TBLPTR+1,0
0000E4 22F7       00232 	ADDWFC TBLPTR+1,1,0
0000E6 6AF8       00233 	CLRF  TBLPTR+2,0
0000E8 0008       00234 	TBLRD *
0000EA 50F5       00235 	MOVF  TABLAT,W,0
0000EC 0012       00236 	RETURN
0000EE 4E4F       00237 	DW    0x4E4F
0000F0 5269       00238 	DW    0x5269
0000F2 4120       00239 	DW    0x4120
0000F4 694B       00240 	DW    0x694B
CC8E Version 1.4,   File: l.c                 15. Dec 2014  10:45   Page 5

ADDR   CODE       LINE  SOURCE

0000F6 004E       00241 	DW    0x4E
0000F8 434C       00242 	DW    0x434C
0000FA 2044       00243 	DW    0x2044
0000FC 7975       00244 	DW    0x7975
0000FE 7567       00245 	DW    0x7567
000100 616C       00246 	DW    0x616C
000102 616D       00247 	DW    0x616D
000104 2020       00248 	DW    0x2020
000106 2020       00249 	DW    0x2020
000108 0000       00250 	DW    0x0
                  00251 
                  00252 	END
                  00253 
                  00254 
                  00255 ; *** KEY INFO ***
                  00256 
                  00257 ; 0x00002C    3 word(s)  0 % : init
                  00258 ; 0x000032   17 word(s)  0 % : bekle
                  00259 ; 0x000086   11 word(s)  0 % : LcdInit
                  00260 ; 0x00006A   14 word(s)  0 % : LcdYaz
                  00261 ; 0x000054   11 word(s)  0 % : LcdKomut
                  00262 ; 0x00009C   30 word(s)  0 % : MesajYaz
                  00263 ; 0x000004   20 word(s)  0 % : main
                  00264 ; 0x0000D8   25 word(s)  0 % : _const1
                  00265 
                  00266 ; RAM usage: 9 bytes (9 local), 1527 bytes free
                  00267 ; Maximum call level: 3
                  00268 ; Total of 133 code words (0 %)
