MPASM  5.50                         PROJE.ASM   5-22-2013  15:03:20         PAGE  1


LOC  OBJECT CODE     LINE SOURCE TEXT
  VALUE

Warning[205]: Found directive in column 1. (LIST)
                      00001 LIST p=16F84A
Warning[205]: Found directive in column 1. (INCLUDE)
                      00002 INCLUDE "P16F84A.INC"
                      00001         LIST
                      00002 
                      00003 ;==========================================================================
                      00004 ;  MPASM PIC16F84A processor include
                      00005 ; 
                      00006 ;  (c) Copyright 1999-2013 Microchip Technology, All rights reserved
                      00007 ;==========================================================================
                      00008 
                      00208         LIST
                      00003  
Warning[205]: Found directive in column 1. (__CONFIG)
2007   3FF1           00004 __CONFIG _CP_OFF&_WDT_OFF&_PWRTE_ON&_XT_OSC
                      00005 
Warning[207]: Found label after column 1. (j)
  0000000C            00006   j  EQU 0x0c
Warning[207]: Found label after column 1. (k)
  0000000D            00007   k  EQU 0x0d
                      00008    
                      00009   ORG    0x00
                      00010 
0000   1683           00011   BSF STATUS,5
0001   3000           00012   MOVLW 0x00
Message[302]: Register in operand not in bank 0.  Ensure that bank bits are correct.
0002   0086           00013   MOVWF TRISB
0003   1283           00014   BCF STATUS,5
                      00015 
0004                  00016 LEDonoff:
0004   300F           00017   MOVLW b'00001111' 
0005   0086           00018   MOVWF PORTB
0006   2???           00019   CALL delay
0007   3000           00020   MOVLW b'00000000'
0008   0086           00021   MOVWF PORTB
0009   2???           00022   CALL delay
000A   300F           00023   MOVLW b'00001111' 
000B   0086           00024   MOVWF PORTB
000C   2???           00025   CALL delay
000D   3000           00026   MOVLW b'00000000'
000E   0086           00027   MOVWF PORTB
000F   2???           00028   CALL delay
0010   300F           00029   MOVLW b'00001111' 
0011   0086           00030   MOVWF PORTB
0012   2???           00031   CALL delay
0013   3000           00032   MOVLW b'00000000'
0014   0086           00033   MOVWF PORTB
0015   2???           00034   CALL delay
0016   30F0           00035   MOVLW b'11110000'
0017   0086           00036   MOVWF PORTB
0018   2???           00037   CALL delay
0019   3000           00038   MOVLW b'00000000'
MPASM  5.50                         PROJE.ASM   5-22-2013  15:03:20         PAGE  2


LOC  OBJECT CODE     LINE SOURCE TEXT
  VALUE

001A   0086           00039   MOVWF PORTB
001B   2???           00040   CALL delay
001C   30F0           00041   MOVLW b'11110000'
001D   0086           00042   MOVWF PORTB
001E   2???           00043   CALL delay
001F   3000           00044   MOVLW b'00000000'
0020   0086           00045   MOVWF PORTB
0021   2???           00046   CALL delay
0022   30F0           00047   MOVLW b'11110000'
0023   0086           00048   MOVWF PORTB
0024   2???           00049   CALL delay
0025   3000           00050   MOVLW b'00000000'
0026   0086           00051   MOVWF PORTB
0027   2???           00052   CALL delay
                      00053 
0028   2???           00054   GOTO LEDonoff
                      00055 
0029                  00056 delay:
0029   30FF           00057   MOVLW d'255'
002A   008C           00058   MOVWF j
                      00059  
002B                  00060 jloop:
002B   008D           00061   MOVWF k
                      00062 
002C                  00063 kloop: 
002C   0B8D           00064   DECFSZ k,f
002D   2???           00065   GOTO kloop
002E   0B8C           00066   DECFSZ j,f
002F   2???           00067   GOTO jloop
                      00068 
Warning[203]: Found opcode in column 1. (RETURN)
0030   0008           00069 RETURN
Warning[205]: Found directive in column 1. (END)
3FF1                  00070 END
MPASM  5.50                         PROJE.ASM   5-22-2013  15:03:20         PAGE  3


SYMBOL TABLE
  LABEL                             VALUE 

C                                 00000000
DC                                00000001
EEADR                             00000009
EECON1                            00000088
EECON2                            00000089
EEDATA                            00000008
EEIE                              00000006
EEIF                              00000004
F                                 00000001
FSR                               00000004
GIE                               00000007
INDF                              00000000
INTCON                            0000000B
INTE                              00000004
INTEDG                            00000006
INTF                              00000001
IRP                               00000007
LEDonoff                          00000004
NOT_PD                            00000003
NOT_RBPU                          00000007
NOT_TO                            00000004
OPTION_REG                        00000081
PCL                               00000002
PCLATH                            0000000A
PORTA                             00000005
PORTB                             00000006
PS0                               00000000
PS1                               00000001
PS2                               00000002
PSA                               00000003
RA0                               00000000
RA1                               00000001
RA2                               00000002
RA3                               00000003
RA4                               00000004
RB0                               00000000
RB1                               00000001
RB2                               00000002
RB3                               00000003
RB4                               00000004
RB5                               00000005
RB6                               00000006
RB7                               00000007
RBIE                              00000003
RBIF                              00000000
RD                                00000000
RP0                               00000005
RP1                               00000006
STATUS                            00000003
T0CS                              00000005
T0IE                              00000005
T0IF                              00000002
T0SE                              00000004
MPASM  5.50                         PROJE.ASM   5-22-2013  15:03:20         PAGE  4


SYMBOL TABLE
  LABEL                             VALUE 

TMR0                              00000001
TMR0IE                            00000005
TMR0IF                            00000002
TRISA                             00000085
TRISA0                            00000000
TRISA1                            00000001
TRISA2                            00000002
TRISA3                            00000003
TRISA4                            00000004
TRISB                             00000086
TRISB0                            00000000
TRISB1                            00000001
TRISB2                            00000002
TRISB3                            00000003
TRISB4                            00000004
TRISB5                            00000005
TRISB6                            00000006
TRISB7                            00000007
W                                 00000000
WR                                00000001
WREN                              00000002
WRERR                             00000003
Z                                 00000002
_CONFIG                           00002007
_CP_OFF                           00003FFF
_CP_ON                            0000000F
_DEVID1                           00002006
_FOSC_EXTRC                       00003FFF
_FOSC_HS                          00003FFE
_FOSC_LP                          00003FFC
_FOSC_XT                          00003FFD
_HS_OSC                           00003FFE
_IDLOC0                           00002000
_IDLOC1                           00002001
_IDLOC2                           00002002
_IDLOC3                           00002003
_LP_OSC                           00003FFC
_PWRTE_OFF                        00003FFF
_PWRTE_ON                         00003FF7
_RC_OSC                           00003FFF
_WDTE_OFF                         00003FFB
_WDTE_ON                          00003FFF
_WDT_OFF                          00003FFB
_WDT_ON                           00003FFF
_XT_OSC                           00003FFD
__16F84A                          00000001
__DEBUG                           1
delay                             00000029
j                                 0000000C
jloop                             0000002B
k                                 0000000D
kloop                             0000002C

MPASM  5.50                         PROJE.ASM   5-22-2013  15:03:20         PAGE  5





Errors   :     0
Warnings :     7 reported,     0 suppressed
Messages :     1 reported,     0 suppressed

